[debug] [2020-10-17T11:29:57.321Z] ----------------------------------------------------------------------
[debug] [2020-10-17T11:29:57.326Z] Command:       C:\Program Files\nodejs\node.exe C:\Users\USER\AppData\Roaming\npm\node_modules\firebase-tools\lib\bin\firebase.js init
[debug] [2020-10-17T11:29:57.326Z] CLI Version:   8.12.1
[debug] [2020-10-17T11:29:57.326Z] Platform:      win32
[debug] [2020-10-17T11:29:57.327Z] Node Version:  v12.18.1
[debug] [2020-10-17T11:29:57.328Z] Time:          Sat Oct 17 2020 17:29:57 GMT+0600 (Bangladesh Standard Time)
[debug] [2020-10-17T11:29:57.329Z] ----------------------------------------------------------------------
[debug] [2020-10-17T11:29:57.330Z] 
[debug] [2020-10-17T11:29:57.362Z] > command requires scopes: ["email","openid","https://www.googleapis.com/auth/cloudplatformprojects.readonly","https://www.googleapis.com/auth/firebase","https://www.googleapis.com/auth/cloud-platform"]
[debug] [2020-10-17T11:29:57.363Z] > authorizing via signed-in user
[info] 
     ######## #### ########  ######## ########     ###     ######  ########
     ##        ##  ##     ## ##       ##     ##  ##   ##  ##       ##
     ######    ##  ########  ######   ########  #########  ######  ######
     ##        ##  ##    ##  ##       ##     ## ##     ##       ## ##
     ##       #### ##     ## ######## ########  ##     ##  ######  ########

You're about to initialize a Firebase project in this directory:

  C:\web development\assignment\creative-agency-assignment\client\creative-agency

Before we get started, keep in mind:

  * You are currently outside your home directory

[info] 
=== Project Setup
[info] 
[info] First, let's associate this project directory with a Firebase project.
[info] You can create multiple project aliases by running firebase use --add, 
[info] but for now we'll just set up a default project.
[info] 
[debug] [2020-10-17T11:34:25.614Z] > refreshing access token with scopes: ["email","https://www.googleapis.com/auth/cloud-platform","https://www.googleapis.com/auth/cloudplatformprojects.readonly","https://www.googleapis.com/auth/firebase","openid"]
[debug] [2020-10-17T11:34:25.615Z] >>> HTTP REQUEST POST https://www.googleapis.com/oauth2/v3/token  
 <request body omitted>
[debug] [2020-10-17T11:34:31.807Z] <<< HTTP RESPONSE 200 {"cache-control":"no-cache, no-store, max-age=0, must-revalidate","pragma":"no-cache","date":"Sat, 17 Oct 2020 11:34:32 GMT","expires":"Mon, 01 Jan 1990 00:00:00 GMT","content-type":"application/json; charset=utf-8","vary":"X-Origin, Referer, Origin,Accept-Encoding","server":"scaffolding on HTTPServer2","x-xss-protection":"0","x-frame-options":"SAMEORIGIN","x-content-type-options":"nosniff","alt-svc":"h3-Q050=\":443\"; ma=2592000,h3-29=\":443\"; ma=2592000,h3-27=\":443\"; ma=2592000,h3-T051=\":443\"; ma=2592000,h3-T050=\":443\"; ma=2592000,h3-Q046=\":443\"; ma=2592000,h3-Q043=\":443\"; ma=2592000,quic=\":443\"; ma=2592000; v=\"46,43\"","accept-ranges":"none","transfer-encoding":"chunked"}
[debug] [2020-10-17T11:34:31.833Z] >>> HTTP REQUEST GET https://firebase.googleapis.com/v1beta1/projects?pageSize=100  
 
[debug] [2020-10-17T11:34:32.995Z] <<< HTTP RESPONSE 200 {"content-type":"application/json; charset=UTF-8","vary":"X-Origin, Referer, Origin,Accept-Encoding","date":"Sat, 17 Oct 2020 11:34:33 GMT","server":"ESF","cache-control":"private","x-xss-protection":"0","x-frame-options":"SAMEORIGIN","x-content-type-options":"nosniff","alt-svc":"h3-Q050=\":443\"; ma=2592000,h3-29=\":443\"; ma=2592000,h3-27=\":443\"; ma=2592000,h3-T051=\":443\"; ma=2592000,h3-T050=\":443\"; ma=2592000,h3-Q046=\":443\"; ma=2592000,h3-Q043=\":443\"; ma=2592000,quic=\":443\"; ma=2592000; v=\"46,43\"","accept-ranges":"none","transfer-encoding":"chunked"}
[info] i  Using project creative-agency-71f9c (Creative-agency) 
[info] 
=== Hosting Setup
[info] 
[info] Your public directory is the folder (relative to your project directory) that
[info] will contain Hosting assets to be uploaded with firebase deploy. If you
[info] have a build process for your assets, use your build's output directory.
[info] 
[debug] [2020-10-17T11:36:20.383Z] >>> HTTP REQUEST GET https://www.gstatic.com/firebasejs/releases.json  
 
[debug] [2020-10-17T11:36:28.159Z] <<< HTTP RESPONSE 200 {"accept-ranges":"bytes","vary":"Accept-Encoding, Origin","content-type":"application/json","content-length":"1429","date":"Sat, 17 Oct 2020 11:19:24 GMT","expires":"Sat, 17 Oct 2020 12:09:24 GMT","last-modified":"Thu, 15 Oct 2020 21:32:42 GMT","x-content-type-options":"nosniff","server":"sffe","x-xss-protection":"0","cache-control":"public, max-age=3000","age":"1024","alt-svc":"h3-Q050=\":443\"; ma=2592000,h3-29=\":443\"; ma=2592000,h3-27=\":443\"; ma=2592000,h3-T051=\":443\"; ma=2592000,h3-T050=\":443\"; ma=2592000,h3-Q046=\":443\"; ma=2592000,h3-Q043=\":443\"; ma=2592000,quic=\":443\"; ma=2592000; v=\"46,43\""}
[info] +  Wrote build/index.html 
[info] 
[info] i  Detected a .git folder at C:\web development\assignment\creative-agency-assignment\client\creative-agency 
[info] i  Authorizing with GitHub to upload your service account to a GitHub repository's secrets store. 
[info] 
[info] Visit this URL on this device to log in:
[info] https://github.com/login/oauth/authorize?client_id=89cf50f02ac6aaed3484&state=659718810&redirect_uri=http%3A%2F%2Flocalhost%3A9005&scope=read%3Auser%20repo%20public_repo
[info] 
[info] Waiting for authentication...
[debug] [2020-10-17T11:36:41.674Z] >>> HTTP REQUEST POST https://github.com/login/oauth/access_token  
 {"client_id":"89cf50f02ac6aaed3484","client_secret":"3330d14abc895d9a74d5f17cd7a00711fa2c5bf0","code":"a59b16309780a5f2f4ec","redirect_uri":"http://localhost:9005","state":"659718810"}
[debug] [2020-10-17T11:36:43.205Z] <<< HTTP RESPONSE 200 {"date":"Sat, 17 Oct 2020 11:36:43 GMT","content-type":"application/json; charset=utf-8","transfer-encoding":"chunked","server":"GitHub.com","status":"200 OK","vary":"X-PJAX, Accept-Encoding, Accept, X-Requested-With, Accept-Encoding","etag":"W/\"badb36ef5edfd24ead26e648806aa9eb\"","cache-control":"max-age=0, private, must-revalidate","strict-transport-security":"max-age=31536000; includeSubdomains; preload","x-frame-options":"deny","x-content-type-options":"nosniff","x-xss-protection":"1; mode=block","referrer-policy":"origin-when-cross-origin, strict-origin-when-cross-origin","expect-ct":"max-age=2592000, report-uri=\"https://api.github.com/_private/browser/errors\"","content-security-policy":"default-src 'none'; base-uri 'self'; block-all-mixed-content; connect-src 'self' uploads.github.com www.githubstatus.com collector.githubapp.com api.github.com www.google-analytics.com github-cloud.s3.amazonaws.com github-production-repository-file-5c1aeb.s3.amazonaws.com github-production-upload-manifest-file-7fdce7.s3.amazonaws.com github-production-user-asset-6210df.s3.amazonaws.com cdn.optimizely.com logx.optimizely.com/v1/events wss://alive.github.com; font-src github.githubassets.com; form-action 'self' github.com gist.github.com; frame-ancestors 'none'; frame-src render.githubusercontent.com; img-src 'self' data: github.githubassets.com identicons.github.com collector.githubapp.com github-cloud.s3.amazonaws.com *.githubusercontent.com; manifest-src 'self'; media-src 'none'; script-src github.githubassets.com; style-src 'unsafe-inline' github.githubassets.com; worker-src github.com/socket-worker.js gist.github.com/socket-worker.js","x-github-request-id":"2206:4D18:1D18732:27ACE3E:5F8AD74A"}
[debug] [2020-10-17T11:36:43.207Z] >>> HTTP REQUEST GET https://api.github.com/user  
 
[debug] [2020-10-17T11:36:44.503Z] <<< HTTP RESPONSE 200 {"date":"Sat, 17 Oct 2020 11:36:44 GMT","content-type":"application/json; charset=utf-8","content-length":"1572","server":"GitHub.com","status":"200 OK","cache-control":"private, max-age=60, s-maxage=60","vary":"Accept, Authorization, Cookie, X-GitHub-OTP, Accept-Encoding, Accept, X-Requested-With, Accept-Encoding","etag":"\"5dcee0ada01f5a627f9a36f870fa8348b0e42a573dca74ca5a4e466c81ee14fc\"","last-modified":"Sat, 17 Oct 2020 11:36:41 GMT","x-oauth-scopes":"read:user, repo","x-accepted-oauth-scopes":"","x-oauth-client-id":"89cf50f02ac6aaed3484","x-github-media-type":"github.v3","x-ratelimit-limit":"5000","x-ratelimit-remaining":"4999","x-ratelimit-reset":"1602938204","x-ratelimit-used":"1","access-control-expose-headers":"ETag, Link, Location, Retry-After, X-GitHub-OTP, X-RateLimit-Limit, X-RateLimit-Remaining, X-RateLimit-Used, X-RateLimit-Reset, X-OAuth-Scopes, X-Accepted-OAuth-Scopes, X-Poll-Interval, X-GitHub-Media-Type, Deprecation, Sunset","access-control-allow-origin":"*","strict-transport-security":"max-age=31536000; includeSubdomains; preload","x-frame-options":"deny","x-content-type-options":"nosniff","x-xss-protection":"1; mode=block","referrer-policy":"origin-when-cross-origin, strict-origin-when-cross-origin","content-security-policy":"default-src 'none'","x-github-request-id":"42DF:8B81:44C112:567F66:5F8AD74C"}
[info] 
[info] +  Success! Logged into GitHub as sufian111 
[info] 
[debug] [2020-10-17T11:38:05.458Z] >>> HTTP REQUEST GET https://api.github.com/repos/Y/actions/secrets/public-key?type=owner  
 
[debug] [2020-10-17T11:38:07.593Z] >>> HTTP REQUEST GET https://api.github.com/repos//actions/secrets/public-key?type=owner  
 
[debug] [2020-10-17T11:38:09.844Z] <<< HTTP RESPONSE 404 {"date":"Sat, 17 Oct 2020 11:38:10 GMT","content-type":"application/json; charset=utf-8","content-length":"74","server":"GitHub.com","status":"404 Not Found","x-oauth-scopes":"read:user, repo","x-accepted-oauth-scopes":"repo","x-oauth-client-id":"89cf50f02ac6aaed3484","x-github-media-type":"github.v3","x-ratelimit-limit":"5000","x-ratelimit-remaining":"4998","x-ratelimit-reset":"1602938204","x-ratelimit-used":"2","access-control-expose-headers":"ETag, Link, Location, Retry-After, X-GitHub-OTP, X-RateLimit-Limit, X-RateLimit-Remaining, X-RateLimit-Used, X-RateLimit-Reset, X-OAuth-Scopes, X-Accepted-OAuth-Scopes, X-Poll-Interval, X-GitHub-Media-Type, Deprecation, Sunset","access-control-allow-origin":"*","strict-transport-security":"max-age=31536000; includeSubdomains; preload","x-frame-options":"deny","x-content-type-options":"nosniff","x-xss-protection":"1; mode=block","referrer-policy":"origin-when-cross-origin, strict-origin-when-cross-origin","content-security-policy":"default-src 'none'","vary":"Accept-Encoding, Accept, X-Requested-With","x-github-request-id":"A814:56CA:87D621:A38042:5F8AD7A1"}
[debug] [2020-10-17T11:38:09.845Z] <<< HTTP RESPONSE BODY Not Found {"message":"Not Found","documentation_url":"https://docs.github.com/rest"}
[debug] [2020-10-17T11:38:09.891Z] <<< HTTP RESPONSE 404 {"date":"Sat, 17 Oct 2020 11:38:10 GMT","content-type":"application/json; charset=utf-8","content-length":"74","server":"GitHub.com","status":"404 Not Found","x-oauth-scopes":"read:user, repo","x-accepted-oauth-scopes":"repo","x-oauth-client-id":"89cf50f02ac6aaed3484","x-github-media-type":"github.v3","x-ratelimit-limit":"5000","x-ratelimit-remaining":"4997","x-ratelimit-reset":"1602938204","x-ratelimit-used":"3","access-control-expose-headers":"ETag, Link, Location, Retry-After, X-GitHub-OTP, X-RateLimit-Limit, X-RateLimit-Remaining, X-RateLimit-Used, X-RateLimit-Reset, X-OAuth-Scopes, X-Accepted-OAuth-Scopes, X-Poll-Interval, X-GitHub-Media-Type, Deprecation, Sunset","access-control-allow-origin":"*","strict-transport-security":"max-age=31536000; includeSubdomains; preload","x-frame-options":"deny","x-content-type-options":"nosniff","x-xss-protection":"1; mode=block","referrer-policy":"origin-when-cross-origin, strict-origin-when-cross-origin","content-security-policy":"default-src 'none'","vary":"Accept-Encoding, Accept, X-Requested-With","x-github-request-id":"A815:164F:11B9EAB:157E0A8:5F8AD7A1"}
[debug] [2020-10-17T11:38:09.891Z] <<< HTTP RESPONSE BODY Not Found {"message":"Not Found","documentation_url":"https://docs.github.com/rest"}
